<?xml version="1.0" encoding="UTF-8"?>
<!-- Generated by org.testng.reporters.JUnitReportReporter -->
<testsuite skipped="0" hostname="BHOOMI" name="com.snap.testcases.Login_TC" tests="1" failures="0" timestamp="2019-10-25T11:34:11 IST" time="32.711" errors="0">
  <testcase name="verifylogin" time="32.711" classname="com.snap.testcases.Login_TC"/>
</testsuite> <!-- com.snap.testcases.Login_TC -->
